PLINK v1.90b4 64-bit (20 Mar 2017)
Options in effect:
  --bfile plinkGeneOmeSubset
  --keep keep_ids
  --make-bed
  --out input_nomissing

Hostname: transect.missouri.edu
Working directory: /array3/users/turnersa/aagp_ldak/data
Start time: Tue Oct  2 13:06:55 2018

Random number seed: 1538503615
515760 MB RAM detected; reserving 257880 MB for main workspace.
213619 variants loaded from .bim file.
324 people (0 males, 0 females, 324 ambiguous) loaded from .fam.
Ambiguous sex IDs written to input_nomissing.nosex .
--keep: 312 people remaining.
Using 1 thread (no multithreaded calculations invoked).
Before main variant filters, 0 founders and 312 nonfounders present.
Calculating allele frequencies... done.
213619 variants and 312 people pass filters and QC.
Note: No phenotypes present.
--make-bed to input_nomissing.bed + input_nomissing.bim + input_nomissing.fam
... done.

End time: Tue Oct  2 13:06:55 2018
